<?xml version="1.0" encoding="UTF-8"?>
<!-- Generated by org.testng.reporters.JUnitXMLReporter -->
<testsuite hostname="INLH104210" ignored="2" name="Test" tests="2" failures="0" timestamp="30 Oct 2018 05:07:20 GMT" time="142.254" errors="0">
  <testcase name="loginLogout" time="2.857" classname="testcases.TC001_LoginLogout"/>
  <testcase name="createLead" time="52.767" classname="testcases.TC002_CreateLead"/>
  <testcase name="@BeforeSuite startTest" time="0.0" classname="wdMethods.ProjectMethods">
    <ignored/>
  </testcase> <!-- @BeforeSuite startTest -->
  <testcase name="@AfterSuite endTest" time="0.0" classname="wdMethods.ProjectMethods">
    <ignored/>
  </testcase> <!-- @AfterSuite endTest -->
</testsuite> <!-- Test -->
