<?xml version="1.0" encoding="UTF-8"?>
<testng-results skipped="0" failed="0" ignored="0" total="1" passed="1">
  <reporter-output>
  </reporter-output>
  <suite name="Default suite" duration-ms="19332" started-at="2018-11-28T12:14:49Z" finished-at="2018-11-28T12:15:08Z">
    <groups>
    </groups>
    <test name="Default test" duration-ms="19332" started-at="2018-11-28T12:14:49Z" finished-at="2018-11-28T12:15:08Z">
      <class name="testcases.TC001_LoginLogout">
        <test-method status="PASS" signature="startTest()[pri:0, instance:testcases.TC001_LoginLogout@1e3c938]" name="startTest" is-config="true" duration-ms="912" started-at="2018-11-28T12:14:48Z" finished-at="2018-11-28T12:14:49Z">
          <reporter-output>
          </reporter-output>
        </test-method> <!-- startTest -->
        <test-method status="PASS" signature="setData()[pri:0, instance:testcases.TC001_LoginLogout@1e3c938]" name="setData" is-config="true" duration-ms="0" started-at="2018-11-28T12:14:49Z" finished-at="2018-11-28T12:14:49Z">
          <reporter-output>
          </reporter-output>
        </test-method> <!-- setData -->
        <test-method status="PASS" signature="login()[pri:0, instance:testcases.TC001_LoginLogout@1e3c938]" name="login" is-config="true" duration-ms="14363" started-at="2018-11-28T12:14:50Z" finished-at="2018-11-28T12:15:05Z">
          <reporter-output>
          </reporter-output>
        </test-method> <!-- login -->
        <test-method status="PASS" signature="loginLogout(java.lang.String, java.lang.String)[pri:0, instance:testcases.TC001_LoginLogout@1e3c938]" name="loginLogout" duration-ms="2852" started-at="2018-11-28T12:15:05Z" data-provider="fecthData" finished-at="2018-11-28T12:15:08Z">
          <params>
            <param index="0">
              <value>
                <![CDATA[DemoSalesManager]]>
              </value>
            </param>
            <param index="1">
              <value>
                <![CDATA[crmsfa]]>
              </value>
            </param>
          </params>
          <reporter-output>
          </reporter-output>
        </test-method> <!-- loginLogout -->
        <test-method status="PASS" signature="close()[pri:0, instance:testcases.TC001_LoginLogout@1e3c938]" name="close" is-config="true" duration-ms="624" started-at="2018-11-28T12:15:08Z" finished-at="2018-11-28T12:15:08Z">
          <reporter-output>
          </reporter-output>
        </test-method> <!-- close -->
        <test-method status="PASS" signature="endTest()[pri:0, instance:testcases.TC001_LoginLogout@1e3c938]" name="endTest" is-config="true" duration-ms="902" started-at="2018-11-28T12:15:08Z" finished-at="2018-11-28T12:15:09Z">
          <reporter-output>
          </reporter-output>
        </test-method> <!-- endTest -->
      </class> <!-- testcases.TC001_LoginLogout -->
    </test> <!-- Default test -->
  </suite> <!-- Default suite -->
</testng-results>
