<?xml version="1.0" encoding="UTF-8"?>
<testng-results skipped="0" failed="0" ignored="2" total="4" passed="2">
  <reporter-output>
  </reporter-output>
  <suite name="Suite" duration-ms="89340" started-at="2018-10-28T10:00:20Z" finished-at="2018-10-28T10:01:50Z">
    <groups>
    </groups>
    <test name="Test" duration-ms="89340" started-at="2018-10-28T10:00:20Z" finished-at="2018-10-28T10:01:50Z">
      <class name="testcases.TC001_LoginLogout">
        <test-method status="PASS" signature="startTest()[pri:0, instance:testcases.TC001_LoginLogout@bca1e0]" name="startTest" is-config="true" duration-ms="759" started-at="2018-10-28T10:00:19Z" finished-at="2018-10-28T10:00:20Z">
          <reporter-output>
          </reporter-output>
        </test-method> <!-- startTest -->
        <test-method status="PASS" signature="setData()[pri:0, instance:testcases.TC001_LoginLogout@bca1e0]" name="setData" is-config="true" duration-ms="0" started-at="2018-10-28T10:00:20Z" finished-at="2018-10-28T10:00:20Z">
          <reporter-output>
          </reporter-output>
        </test-method> <!-- setData -->
        <test-method status="PASS" signature="setData()[pri:0, instance:testcases.TC002_CreateLead@286778]" name="setData" is-config="true" duration-ms="0" started-at="2018-10-28T10:00:20Z" finished-at="2018-10-28T10:00:20Z">
          <reporter-output>
          </reporter-output>
        </test-method> <!-- setData -->
        <test-method status="PASS" signature="login()[pri:0, instance:testcases.TC001_LoginLogout@bca1e0]" name="login" is-config="true" duration-ms="7094" started-at="2018-10-28T10:00:22Z" finished-at="2018-10-28T10:00:29Z">
          <reporter-output>
          </reporter-output>
        </test-method> <!-- login -->
        <test-method status="PASS" signature="loginLogout(java.lang.String, java.lang.String)[pri:0, instance:testcases.TC001_LoginLogout@bca1e0]" name="loginLogout" duration-ms="2540" started-at="2018-10-28T10:00:29Z" data-provider="fecthData" finished-at="2018-10-28T10:00:31Z">
          <params>
            <param index="0">
              <value>
                <![CDATA[DemoSalesManager]]>
              </value>
            </param>
            <param index="1">
              <value>
                <![CDATA[crmsfa]]>
              </value>
            </param>
          </params>
          <reporter-output>
          </reporter-output>
        </test-method> <!-- loginLogout -->
        <test-method status="PASS" signature="close()[pri:0, instance:testcases.TC001_LoginLogout@bca1e0]" name="close" is-config="true" duration-ms="510" started-at="2018-10-28T10:00:31Z" finished-at="2018-10-28T10:00:32Z">
          <reporter-output>
          </reporter-output>
        </test-method> <!-- close -->
        <test-method status="PASS" signature="endTest()[pri:0, instance:testcases.TC001_LoginLogout@bca1e0]" name="endTest" is-config="true" duration-ms="499" started-at="2018-10-28T10:01:50Z" finished-at="2018-10-28T10:01:50Z">
          <reporter-output>
          </reporter-output>
        </test-method> <!-- endTest -->
      </class> <!-- testcases.TC001_LoginLogout -->
      <class name="testcases.TC002_CreateLead">
        <test-method status="PASS" signature="login()[pri:0, instance:testcases.TC002_CreateLead@286778]" name="login" is-config="true" duration-ms="4938" started-at="2018-10-28T10:00:32Z" finished-at="2018-10-28T10:00:37Z">
          <reporter-output>
          </reporter-output>
        </test-method> <!-- login -->
        <test-method status="PASS" signature="createLead(java.lang.String, java.lang.String, java.lang.String, java.lang.String, java.lang.String)[pri:0, instance:testcases.TC002_CreateLead@286778]" name="createLead" duration-ms="70342" started-at="2018-10-28T10:00:37Z" data-provider="fecthData" finished-at="2018-10-28T10:01:47Z">
          <params>
            <param index="0">
              <value>
                <![CDATA[DemoSalesManager]]>
              </value>
            </param>
            <param index="1">
              <value>
                <![CDATA[crmsfa]]>
              </value>
            </param>
            <param index="2">
              <value>
                <![CDATA[Renault]]>
              </value>
            </param>
            <param index="3">
              <value>
                <![CDATA[Alagar]]>
              </value>
            </param>
            <param index="4">
              <value>
                <![CDATA[S]]>
              </value>
            </param>
          </params>
          <reporter-output>
          </reporter-output>
        </test-method> <!-- createLead -->
        <test-method status="PASS" signature="close()[pri:0, instance:testcases.TC002_CreateLead@286778]" name="close" is-config="true" duration-ms="2253" started-at="2018-10-28T10:01:47Z" finished-at="2018-10-28T10:01:50Z">
          <reporter-output>
          </reporter-output>
        </test-method> <!-- close -->
      </class> <!-- testcases.TC002_CreateLead -->
    </test> <!-- Test -->
  </suite> <!-- Suite -->
</testng-results>
